<?xml version="1.0" encoding="UTF-8" ?>
<testsuites>
<testsuite name="Timestamp helper" errors="0" tests="3" failures="0" time="1.03" timestamp="2014-11-25T09:29:53">
  <testcase classname="Timestamp helper" name="should throw" time="0"></testcase>
  <testcase classname="Timestamp helper" name="should not throw" time="0.008"></testcase>
  <testcase classname="Timestamp helper" name="should not to be equal to now" time="1.022"></testcase>
</testsuite>
</testsuites>