<?xml version="1.0" encoding="UTF-8" ?>
<testsuites>
<testsuite name="Repeat helper" errors="0" tests="0" failures="0" time="0" timestamp="2014-11-17T22:24:16">
</testsuite>
<testsuite name="Repeat helper.render" errors="0" tests="6" failures="0" time="0.001" timestamp="2014-11-17T22:24:09">
  <testcase classname="Repeat helper.render" name="Should toThrow with no arguments" time="0.001"></testcase>
  <testcase classname="Repeat helper.render" name="Should toThrow with one argument" time="0"></testcase>
  <testcase classname="Repeat helper.render" name="Should toThrow with a word argument" time="0"></testcase>
  <testcase classname="Repeat helper.render" name="Should toThrow with a blank spaced string argument" time="0"></testcase>
  <testcase classname="Repeat helper.render" name="Should toThrow with a empty string argument" time="0"></testcase>
  <testcase classname="Repeat helper.render" name="Should toThrow with a second argument in not a handlebars context" time="0"></testcase>
</testsuite>
<testsuite name="Repeat helper.render html string" errors="0" tests="7" failures="0" time="0.016" timestamp="2014-11-17T22:24:09">
  <testcase classname="Repeat helper.render html string" name="Should be equal" time="0.01"></testcase>
  <testcase classname="Repeat helper.render html string" name="Should be equal with index" time="0.002"></testcase>
  <testcase classname="Repeat helper.render html string" name="Should be equal with index and first" time="0.001"></testcase>
  <testcase classname="Repeat helper.render html string" name="Should be equal with index and last" time="0.001"></testcase>
  <testcase classname="Repeat helper.render html string" name="Should be equal with index and even" time="0"></testcase>
  <testcase classname="Repeat helper.render html string" name="Should be equal with index and odd" time="0.001"></testcase>
  <testcase classname="Repeat helper.render html string" name="Should be equal with count and of" time="0.001"></testcase>
</testsuite>
<testsuite name="Repeat helper.render html template" errors="0" tests="1" failures="0" time="2.048" timestamp="2014-11-17T22:24:09">
  <testcase classname="Repeat helper.render html template" name="Should be equal to expected content" time="2.048"></testcase>
</testsuite>
<testsuite name="Repeat helper.render html template nested" errors="0" tests="1" failures="0" time="2.038" timestamp="2014-11-17T22:24:12">
  <testcase classname="Repeat helper.render html template nested" name="Should be equal to expected content" time="2.038"></testcase>
</testsuite>
<testsuite name="Repeat helper.render html template nested if" errors="0" tests="1" failures="0" time="2.032" timestamp="2014-11-17T22:24:14">
  <testcase classname="Repeat helper.render html template nested if" name="Should be equal to expected content" time="2.032"></testcase>
</testsuite>
</testsuites>