<?xml version="1.0" encoding="UTF-8" ?>
<testsuites>
<testsuite name="Timestamp helper" errors="0" tests="0" failures="0" time="0" timestamp="2014-11-17T22:24:19">
</testsuite>
<testsuite name="Timestamp helper.render" errors="0" tests="4" failures="0" time="3.097" timestamp="2014-11-17T22:24:16">
  <testcase classname="Timestamp helper.render" name="Should not toEqual sup to now" time="1.031"></testcase>
  <testcase classname="Timestamp helper.render" name="Should not toBeGreaterThan sup to now" time="1.029"></testcase>
  <testcase classname="Timestamp helper.render" name="Should toBeGreaterThan to now" time="1.037"></testcase>
  <testcase classname="Timestamp helper.render" name="Should be a number" time="0"></testcase>
</testsuite>
</testsuites>