<?xml version="1.0" encoding="UTF-8" ?>
<testsuites>
<testsuite name="Repeat helper" errors="0" tests="0" failures="0" time="0" timestamp="2015-03-23T11:38:03">
</testsuite>
<testsuite name="Repeat helper.render" errors="0" tests="6" failures="0" time="0.002" timestamp="2015-03-23T11:37:56">
  <testcase classname="Repeat helper.render" name="Should toThrow with no arguments" time="0"></testcase>
  <testcase classname="Repeat helper.render" name="Should toThrow with one argument" time="0"></testcase>
  <testcase classname="Repeat helper.render" name="Should toThrow with a word argument" time="0"></testcase>
  <testcase classname="Repeat helper.render" name="Should toThrow with a blank spaced string argument" time="0"></testcase>
  <testcase classname="Repeat helper.render" name="Should toThrow with a empty string argument" time="0"></testcase>
  <testcase classname="Repeat helper.render" name="Should toThrow with a second argument in not a handlebars context" time="0.001"></testcase>
</testsuite>
<testsuite name="Repeat helper.render html string" errors="0" tests="7" failures="0" time="0.028" timestamp="2015-03-23T11:37:56">
  <testcase classname="Repeat helper.render html string" name="Should be equal" time="0.001"></testcase>
  <testcase classname="Repeat helper.render html string" name="Should be equal with index" time="0.01"></testcase>
  <testcase classname="Repeat helper.render html string" name="Should be equal with index and first" time="0.004"></testcase>
  <testcase classname="Repeat helper.render html string" name="Should be equal with index and last" time="0.003"></testcase>
  <testcase classname="Repeat helper.render html string" name="Should be equal with index and even" time="0.002"></testcase>
  <testcase classname="Repeat helper.render html string" name="Should be equal with index and odd" time="0.003"></testcase>
  <testcase classname="Repeat helper.render html string" name="Should be equal with count and of" time="0.005"></testcase>
</testsuite>
<testsuite name="Repeat helper.render html template" errors="0" tests="1" failures="0" time="2.03" timestamp="2015-03-23T11:37:56">
  <testcase classname="Repeat helper.render html template" name="Should be equal to expected content" time="2.03"></testcase>
</testsuite>
<testsuite name="Repeat helper.render html template nested" errors="0" tests="1" failures="0" time="2.032" timestamp="2015-03-23T11:37:58">
  <testcase classname="Repeat helper.render html template nested" name="Should be equal to expected content" time="2.032"></testcase>
</testsuite>
<testsuite name="Repeat helper.render html template nested if" errors="0" tests="1" failures="0" time="2.052" timestamp="2015-03-23T11:38:00">
  <testcase classname="Repeat helper.render html template nested if" name="Should be equal to expected content" time="2.052"></testcase>
</testsuite>
</testsuites>